CRITICAL - 2021-01-10 08:35:53 --> Class 'Config\Database' not found
#0 /homepages/14/d856189614/htdocs/system/Debug/Toolbar.php(96): CodeIgniter\Debug\Toolbar\Collectors\Database->__construct()
#1 /homepages/14/d856189614/htdocs/system/Config/Services.php(839): CodeIgniter\Debug\Toolbar->__construct(Object(Config\Toolbar))
#2 /homepages/14/d856189614/htdocs/system/Config/BaseService.php(123): CodeIgniter\Config\Services::toolbar(Object(Config\Toolbar), false)
#3 /homepages/14/d856189614/htdocs/system/Config/Services.php(831): CodeIgniter\Config\BaseService::getSharedInstance('toolbar', NULL)
#4 /homepages/14/d856189614/htdocs/system/Filters/DebugToolbar.php(75): CodeIgniter\Config\Services::toolbar()
#5 /homepages/14/d856189614/htdocs/system/Filters/Filters.php(199): CodeIgniter\Filters\DebugToolbar->after(Object(CodeIgniter\HTTP\IncomingRequest), Object(CodeIgniter\HTTP\Response))
#6 /homepages/14/d856189614/htdocs/system/CodeIgniter.php(418): CodeIgniter\Filters\Filters->run('/', 'after')
#7 /homepages/14/d856189614/htdocs/system/CodeIgniter.php(308): CodeIgniter\CodeIgniter->handleRequest(NULL, Object(Config\Cache), false)
#8 /homepages/14/d856189614/htdocs/index.php(45): CodeIgniter\CodeIgniter->run()
#9 {main}
CRITICAL - 2021-01-10 08:37:59 --> Class 'Config\Database' not found
#0 /homepages/14/d856189614/htdocs/system/Debug/Toolbar.php(96): CodeIgniter\Debug\Toolbar\Collectors\Database->__construct()
#1 /homepages/14/d856189614/htdocs/system/Config/Services.php(839): CodeIgniter\Debug\Toolbar->__construct(Object(Config\Toolbar))
#2 /homepages/14/d856189614/htdocs/system/Config/BaseService.php(123): CodeIgniter\Config\Services::toolbar(Object(Config\Toolbar), false)
#3 /homepages/14/d856189614/htdocs/system/Config/Services.php(831): CodeIgniter\Config\BaseService::getSharedInstance('toolbar', NULL)
#4 /homepages/14/d856189614/htdocs/system/Filters/DebugToolbar.php(75): CodeIgniter\Config\Services::toolbar()
#5 /homepages/14/d856189614/htdocs/system/Filters/Filters.php(199): CodeIgniter\Filters\DebugToolbar->after(Object(CodeIgniter\HTTP\IncomingRequest), Object(CodeIgniter\HTTP\Response))
#6 /homepages/14/d856189614/htdocs/system/CodeIgniter.php(418): CodeIgniter\Filters\Filters->run('/', 'after')
#7 /homepages/14/d856189614/htdocs/system/CodeIgniter.php(308): CodeIgniter\CodeIgniter->handleRequest(NULL, Object(Config\Cache), false)
#8 /homepages/14/d856189614/htdocs/index.php(45): CodeIgniter\CodeIgniter->run()
#9 {main}
